* using log directory ‘/Users/evanbiederstedt/vrnmf/vrnmf.Rcheck’
* using R version 4.1.0 (2021-05-18)
* using platform: x86_64-apple-darwin17.0 (64-bit)
* using session charset: UTF-8
* using option ‘--as-cran’
* checking for file ‘vrnmf/DESCRIPTION’ ... OK
* this is package ‘vrnmf’ version ‘1.0.0’
* package encoding: UTF-8
* checking CRAN incoming feasibility ... NOTE
Maintainer: ‘Evan Biederstedt <evan.biederstedt@gmail.com>’

New submission

Found the following (possibly) invalid URLs:
  URL: https://github.com/kharchenkolab/vrnmf/tree/master/doc/AnchorVolume.md
    From: README.md
    Status: 404
    Message: Not Found
  URL: https://github.com/kharchenkolab/vrnmf/tree/master/doc/volume_regularized_NMF.md
    From: README.md
    Status: 404
    Message: Not Found

The Description field should not start with the package name,
  'This package' or similar.

Size of tarball: 8835657 bytes
* checking package namespace information ... OK
* checking package dependencies ... OK
* checking if this is a source package ... OK
* checking if there is a namespace ... OK
* checking for executable files ... OK
* checking for hidden files and directories ... OK
* checking for portable file names ... OK
* checking for sufficient/correct file permissions ... OK
* checking whether package ‘vrnmf’ can be installed ... OK
* checking installed package size ... NOTE
  installed size is  8.9Mb
  sub-directories of 1Mb or more:
    data   8.4Mb
* checking package directory ... OK
* checking for future file timestamps ... OK
* checking ‘build’ directory ... OK
* checking DESCRIPTION meta-information ... OK
* checking top-level files ... OK
* checking for left-over files ... OK
* checking index information ... OK
* checking package subdirectories ... OK
* checking R files for non-ASCII characters ... OK
* checking R files for syntax errors ... OK
* checking whether the package can be loaded ... OK
* checking whether the package can be loaded with stated dependencies ... OK
* checking whether the package can be unloaded cleanly ... OK
* checking whether the namespace can be loaded with stated dependencies ... OK
* checking whether the namespace can be unloaded cleanly ... OK
* checking use of S3 registration ... OK
* checking dependencies in R code ... OK
* checking S3 generic/method consistency ... OK
* checking replacement functions ... OK
* checking foreign function calls ... OK
* checking R code for possible problems ... NOTE
AnchorFree: no visible global function definition for ‘runif’
AnchorFree: no visible global function definition for ‘rnorm’
AnchorFree: no visible binding for global variable ‘fun’
AnchorFree: no visible global function definition for ‘lm’
factor_intensities : <anonymous>: no visible global function definition
  for ‘sd’
factor_intensities: no visible binding for global variable ‘nr’
factor_intensities : <anonymous>: no visible global function definition
  for ‘nnls’
factor_intensities: no visible global function definition for ‘par’
factor_intensities: no visible global function definition for ‘points’
factor_intensities: no visible binding for global variable
  ‘extrapolate.majorate’
factor_intensities: no visible binding for global variable ‘q.upper’
factor_intensities: no visible binding for global variable ‘rate.q.up’
sim_factors: no visible global function definition for ‘runif’
sim_factors: no visible global function definition for ‘rexp’
sim_factors : <anonymous>: no visible global function definition for
  ‘runif’
sim_factors: no visible global function definition for ‘rnorm’
vol_preprocess: no visible binding for global variable ‘sd’
volnmf_det: no visible global function definition for ‘solve.QP’
volnmf_estimate: no visible binding for global variable ‘rate.rec’
volnmf_estimate: no visible global function definition for ‘cor’
volnmf_estimate: no visible binding for global variable ‘xcompl’
volnmf_estimate: no visible binding for global variable ‘vol’
volnmf_estimate: no visible global function definition for ‘par’
volnmf_estimate: no visible global function definition for ‘abline’
volnmf_main: no visible global function definition for ‘runif’
volnmf_simplex_col: no visible global function definition for ‘lm’
Undefined global functions or variables:
  abline cor extrapolate.majorate fun lm nnls nr par points q.upper
  rate.q.up rate.rec rexp rnorm runif sd solve.QP vol xcompl
Consider adding
  importFrom("graphics", "abline", "par", "points")
  importFrom("stats", "cor", "lm", "rexp", "rnorm", "runif", "sd")
to your NAMESPACE file.
* checking Rd files ... OK
* checking Rd metadata ... OK
* checking Rd line widths ... OK
* checking Rd cross-references ... OK
* checking for missing documentation entries ... OK
* checking for code/documentation mismatches ... OK
* checking Rd \usage sections ... WARNING
Undocumented arguments in documentation object 'factor_intensities'
  ‘fit.nmf’ ‘fit.factor’ ‘qp.exact’ ‘n.iter’ ‘qp.iter’
  ‘rel.error.cutoff’ ‘extrapolate’ ‘extrapolate.const’
  ‘extrapolate.convex’ ‘q.factor’ ‘verbose’ ‘n.cores’

Undocumented arguments in documentation object 'volnmf_estimate'
  ‘Canchor’ ‘Ctrue’ ‘mutation.run’

Undocumented arguments in documentation object 'volnmf_logdet'
  ‘qmax’

Undocumented arguments in documentation object 'volnmf_main'
  ‘Ctrue’ ‘verbose.nmf’ ‘record.nmf’ ‘mutation.run’

Undocumented arguments in documentation object 'volnmf_simplex_col'
  ‘qmax’

Functions with \usage entries need to have the appropriate \alias
entries, and all their arguments documented.
The \usage entries must correspond to syntactically valid R code.
See chapter ‘Writing R documentation files’ in the ‘Writing R
Extensions’ manual.
* checking Rd contents ... OK
* checking for unstated dependencies in examples ... OK
* checking contents of ‘data’ directory ... OK
* checking data for non-ASCII characters ... OK
* checking LazyData ... WARNING
  LazyData DB of 8.4 MB without LazyDataCompression set
  See §1.1.6 of 'Writing R Extensions'
* checking data for ASCII and uncompressed saves ... OK
* checking installed files from ‘inst/doc’ ... OK
* checking files in ‘vignettes’ ... OK
* checking examples ... NONE
* checking for unstated dependencies in vignettes ... OK
* checking package vignettes in ‘inst/doc’ ... OK
* checking re-building of vignette outputs ... OK
* checking PDF version of manual ... OK
* checking for non-standard things in the check directory ... OK
* checking for detritus in the temp directory ... OK
* DONE
Status: 2 WARNINGs, 3 NOTEs
