Hmm ... looks like a package

This is pdfTeX, Version 3.141592653-2.6-1.40.22 (TeX Live 2021) (preloaded format=pdflatex)
 restricted \write18 enabled.
entering extended mode
LaTeX2e <2020-10-01> patch level 4
L3 programming layer <2021-02-18>
(./Rd2.tex
(/usr/local/texlive/2021basic/texmf-dist/tex/latex/base/book.cls
Document Class: book 2020/04/10 v1.4m Standard LaTeX document class
(/usr/local/texlive/2021basic/texmf-dist/tex/latex/base/bk10.clo))
(/Library/Frameworks/R.framework/Resources/share/texmf/tex/latex/Rd.sty
(/usr/local/texlive/2021basic/texmf-dist/tex/latex/base/ifthen.sty)
(/usr/local/texlive/2021basic/texmf-dist/tex/latex/tools/longtable.sty)
(/usr/local/texlive/2021basic/texmf-dist/tex/latex/tools/bm.sty)
(/usr/local/texlive/2021basic/texmf-dist/tex/latex/base/alltt.sty)
(/usr/local/texlive/2021basic/texmf-dist/tex/latex/tools/verbatim.sty)
(/usr/local/texlive/2021basic/texmf-dist/tex/latex/url/url.sty)
(/usr/local/texlive/2021basic/texmf-dist/tex/latex/base/textcomp.sty)
(/usr/local/texlive/2021basic/texmf-dist/tex/latex/base/fontenc.sty)
(/usr/local/texlive/2021basic/texmf-dist/tex/latex/psnfss/times.sty)
(/usr/local/texlive/2021basic/texmf-dist/tex/latex/inconsolata/zi4.sty
`inconsolata-zi4' v1.12, 2019/05/17 Text macros for Inconsolata (msharpe)
(/usr/local/texlive/2021basic/texmf-dist/tex/latex/xkeyval/xkeyval.sty
(/usr/local/texlive/2021basic/texmf-dist/tex/generic/xkeyval/xkeyval.tex
(/usr/local/texlive/2021basic/texmf-dist/tex/generic/xkeyval/xkvutils.tex
(/usr/local/texlive/2021basic/texmf-dist/tex/generic/xkeyval/keyval.tex)))))
(/usr/local/texlive/2021basic/texmf-dist/tex/latex/graphics/color.sty
(/usr/local/texlive/2021basic/texmf-dist/tex/latex/graphics-cfg/color.cfg)
(/usr/local/texlive/2021basic/texmf-dist/tex/latex/graphics-def/pdftex.def))
(/usr/local/texlive/2021basic/texmf-dist/tex/latex/hyperref/hyperref.sty
(/usr/local/texlive/2021basic/texmf-dist/tex/generic/ltxcmds/ltxcmds.sty)
(/usr/local/texlive/2021basic/texmf-dist/tex/generic/iftex/iftex.sty)
(/usr/local/texlive/2021basic/texmf-dist/tex/generic/pdftexcmds/pdftexcmds.sty
(/usr/local/texlive/2021basic/texmf-dist/tex/generic/infwarerr/infwarerr.sty))
(/usr/local/texlive/2021basic/texmf-dist/tex/generic/kvsetkeys/kvsetkeys.sty)
(/usr/local/texlive/2021basic/texmf-dist/tex/generic/kvdefinekeys/kvdefinekeys.
sty)
(/usr/local/texlive/2021basic/texmf-dist/tex/generic/pdfescape/pdfescape.sty)
(/usr/local/texlive/2021basic/texmf-dist/tex/latex/hycolor/hycolor.sty)
(/usr/local/texlive/2021basic/texmf-dist/tex/latex/letltxmacro/letltxmacro.sty)
 (/usr/local/texlive/2021basic/texmf-dist/tex/latex/auxhook/auxhook.sty)
(/usr/local/texlive/2021basic/texmf-dist/tex/latex/kvoptions/kvoptions.sty)
(/usr/local/texlive/2021basic/texmf-dist/tex/latex/hyperref/pd1enc.def)
(/usr/local/texlive/2021basic/texmf-dist/tex/latex/hyperref/hyperref-langpatche
s.def) (/usr/local/texlive/2021basic/texmf-dist/tex/generic/intcalc/intcalc.sty
) (/usr/local/texlive/2021basic/texmf-dist/tex/generic/etexcmds/etexcmds.sty)
(/usr/local/texlive/2021basic/texmf-dist/tex/latex/hyperref/puenc.def)
(/usr/local/texlive/2021basic/texmf-dist/tex/generic/bitset/bitset.sty
(/usr/local/texlive/2021basic/texmf-dist/tex/generic/bigintcalc/bigintcalc.sty)
) (/usr/local/texlive/2021basic/texmf-dist/tex/latex/base/atbegshi-ltx.sty))
(/usr/local/texlive/2021basic/texmf-dist/tex/latex/hyperref/hpdftex.def
(/usr/local/texlive/2021basic/texmf-dist/tex/latex/base/atveryend-ltx.sty)
(/usr/local/texlive/2021basic/texmf-dist/tex/latex/rerunfilecheck/rerunfilechec
k.sty
(/usr/local/texlive/2021basic/texmf-dist/tex/generic/uniquecounter/uniquecounte
r.sty)))

Package hyperref Warning: Option `hyperindex' has already been used,
(hyperref)                setting the option has no effect on input line 377.


Package hyperref Warning: Option `pagebackref' has already been used,
(hyperref)                setting the option has no effect on input line 377.

) (/usr/local/texlive/2021basic/texmf-dist/tex/latex/base/makeidx.sty)
(/usr/local/texlive/2021basic/texmf-dist/tex/latex/base/inputenc.sty)
Writing index file Rd2.idx
(/usr/local/texlive/2021basic/texmf-dist/tex/latex/psnfss/t1ptm.fd)
(/usr/local/texlive/2021basic/texmf-dist/tex/latex/l3backend/l3backend-pdftex.d
ef)
No file Rd2.aux.
(/usr/local/texlive/2021basic/texmf-dist/tex/context/base/mkii/supp-pdf.mkii
[Loading MPS to PDF converter (version 2006.09.02).]
) (/usr/local/texlive/2021basic/texmf-dist/tex/latex/hyperref/nameref.sty
(/usr/local/texlive/2021basic/texmf-dist/tex/latex/refcount/refcount.sty)
(/usr/local/texlive/2021basic/texmf-dist/tex/generic/gettitlestring/gettitlestr
ing.sty))
(/usr/local/texlive/2021basic/texmf-dist/tex/latex/inconsolata/t1zi4.fd)
(/usr/local/texlive/2021basic/texmf-dist/tex/latex/psnfss/t1phv.fd) [1{/usr/loc
al/texlive/2021basic/texmf-var/fonts/map/pdftex/updmap/pdftex.map}] [2]
[3] [4] [5] [6]
Overfull \hbox (9.06842pt too wide) in paragraph at lines 363--365
[]\T1/zi4/m/n/10 volnmf_logdet \T1/ptm/m/n/10 finds ma-trix \T1/zi4/m/n/10 R \T
1/ptm/m/n/10 that min-i-mizes ob-jec-tive \T1/zi4/m/n/10 ||X-C*R||^2 + w.vol*lo
g(det(R)+delta)\T1/ptm/m/n/10 . 
[7] [8] [9] [10]
Overfull \hbox (3.4567pt too wide) in paragraph at lines 598--599
[]\T1/ptm/m/n/10 A nu-meric. Stop it-er-a-tions if rel-a-tive er-ror be-tween i
t-er-a-tions is less than \T1/zi4/m/n/10 err.cut
[11] [12]
No file Rd2.ind.
[13]
(/private/var/folders/pt/x80rw07n57q7h9tdwt97nvfh0000gn/T/Rtmpw4dZMl/Rd2pdfa99d
104e5e9c/Rd2.aux)

Package rerunfilecheck Warning: File `Rd2.out' has changed.
(rerunfilecheck)                Rerun to get outlines right
(rerunfilecheck)                or use package `bookmark'.

 )
(see the transcript file for additional information){/usr/local/texlive/2021bas
ic/texmf-dist/fonts/enc/dvips/base/8r.enc}{/usr/local/texlive/2021basic/texmf-d
ist/fonts/enc/dvips/inconsolata/i4-t1-0.enc}</usr/local/texlive/2021basic/texmf
-dist/fonts/type1/public/inconsolata/Inconsolata-zi4r.pfb></usr/local/texlive/2
021basic/texmf-dist/fonts/type1/public/amsfonts/cm/cmmi10.pfb></usr/local/texli
ve/2021basic/texmf-dist/fonts/type1/public/amsfonts/cm/cmr10.pfb></usr/local/te
xlive/2021basic/texmf-dist/fonts/type1/public/amsfonts/cm/cmr7.pfb></usr/local/
texlive/2021basic/texmf-dist/fonts/type1/public/amsfonts/cm/cmsy10.pfb></usr/lo
cal/texlive/2021basic/texmf-dist/fonts/type1/urw/helvetic/uhvr8a.pfb></usr/loca
l/texlive/2021basic/texmf-dist/fonts/type1/urw/times/utmb8a.pfb></usr/local/tex
live/2021basic/texmf-dist/fonts/type1/urw/times/utmr8a.pfb></usr/local/texlive/
2021basic/texmf-dist/fonts/type1/urw/times/utmr8a.pfb></usr/local/texlive/2021b
asic/texmf-dist/fonts/type1/urw/times/utmri8a.pfb>
Output written on Rd2.pdf (13 pages, 131698 bytes).
Transcript written on Rd2.log.
This is pdfTeX, Version 3.141592653-2.6-1.40.22 (TeX Live 2021) (preloaded format=pdflatex)
 restricted \write18 enabled.
entering extended mode
LaTeX2e <2020-10-01> patch level 4
L3 programming layer <2021-02-18>
(./Rd2.tex
(/usr/local/texlive/2021basic/texmf-dist/tex/latex/base/book.cls
Document Class: book 2020/04/10 v1.4m Standard LaTeX document class
(/usr/local/texlive/2021basic/texmf-dist/tex/latex/base/bk10.clo))
(/Library/Frameworks/R.framework/Resources/share/texmf/tex/latex/Rd.sty
(/usr/local/texlive/2021basic/texmf-dist/tex/latex/base/ifthen.sty)
(/usr/local/texlive/2021basic/texmf-dist/tex/latex/tools/longtable.sty)
(/usr/local/texlive/2021basic/texmf-dist/tex/latex/tools/bm.sty)
(/usr/local/texlive/2021basic/texmf-dist/tex/latex/base/alltt.sty)
(/usr/local/texlive/2021basic/texmf-dist/tex/latex/tools/verbatim.sty)
(/usr/local/texlive/2021basic/texmf-dist/tex/latex/url/url.sty)
(/usr/local/texlive/2021basic/texmf-dist/tex/latex/base/textcomp.sty)
(/usr/local/texlive/2021basic/texmf-dist/tex/latex/base/fontenc.sty)
(/usr/local/texlive/2021basic/texmf-dist/tex/latex/psnfss/times.sty)
(/usr/local/texlive/2021basic/texmf-dist/tex/latex/inconsolata/zi4.sty
`inconsolata-zi4' v1.12, 2019/05/17 Text macros for Inconsolata (msharpe)
(/usr/local/texlive/2021basic/texmf-dist/tex/latex/xkeyval/xkeyval.sty
(/usr/local/texlive/2021basic/texmf-dist/tex/generic/xkeyval/xkeyval.tex
(/usr/local/texlive/2021basic/texmf-dist/tex/generic/xkeyval/xkvutils.tex
(/usr/local/texlive/2021basic/texmf-dist/tex/generic/xkeyval/keyval.tex)))))
(/usr/local/texlive/2021basic/texmf-dist/tex/latex/graphics/color.sty
(/usr/local/texlive/2021basic/texmf-dist/tex/latex/graphics-cfg/color.cfg)
(/usr/local/texlive/2021basic/texmf-dist/tex/latex/graphics-def/pdftex.def))
(/usr/local/texlive/2021basic/texmf-dist/tex/latex/hyperref/hyperref.sty
(/usr/local/texlive/2021basic/texmf-dist/tex/generic/ltxcmds/ltxcmds.sty)
(/usr/local/texlive/2021basic/texmf-dist/tex/generic/iftex/iftex.sty)
(/usr/local/texlive/2021basic/texmf-dist/tex/generic/pdftexcmds/pdftexcmds.sty
(/usr/local/texlive/2021basic/texmf-dist/tex/generic/infwarerr/infwarerr.sty))
(/usr/local/texlive/2021basic/texmf-dist/tex/generic/kvsetkeys/kvsetkeys.sty)
(/usr/local/texlive/2021basic/texmf-dist/tex/generic/kvdefinekeys/kvdefinekeys.
sty)
(/usr/local/texlive/2021basic/texmf-dist/tex/generic/pdfescape/pdfescape.sty)
(/usr/local/texlive/2021basic/texmf-dist/tex/latex/hycolor/hycolor.sty)
(/usr/local/texlive/2021basic/texmf-dist/tex/latex/letltxmacro/letltxmacro.sty)
 (/usr/local/texlive/2021basic/texmf-dist/tex/latex/auxhook/auxhook.sty)
(/usr/local/texlive/2021basic/texmf-dist/tex/latex/kvoptions/kvoptions.sty)
(/usr/local/texlive/2021basic/texmf-dist/tex/latex/hyperref/pd1enc.def)
(/usr/local/texlive/2021basic/texmf-dist/tex/latex/hyperref/hyperref-langpatche
s.def) (/usr/local/texlive/2021basic/texmf-dist/tex/generic/intcalc/intcalc.sty
) (/usr/local/texlive/2021basic/texmf-dist/tex/generic/etexcmds/etexcmds.sty)
(/usr/local/texlive/2021basic/texmf-dist/tex/latex/hyperref/puenc.def)
(/usr/local/texlive/2021basic/texmf-dist/tex/generic/bitset/bitset.sty
(/usr/local/texlive/2021basic/texmf-dist/tex/generic/bigintcalc/bigintcalc.sty)
) (/usr/local/texlive/2021basic/texmf-dist/tex/latex/base/atbegshi-ltx.sty))
(/usr/local/texlive/2021basic/texmf-dist/tex/latex/hyperref/hpdftex.def
(/usr/local/texlive/2021basic/texmf-dist/tex/latex/base/atveryend-ltx.sty)
(/usr/local/texlive/2021basic/texmf-dist/tex/latex/rerunfilecheck/rerunfilechec
k.sty
(/usr/local/texlive/2021basic/texmf-dist/tex/generic/uniquecounter/uniquecounte
r.sty)))

Package hyperref Warning: Option `hyperindex' has already been used,
(hyperref)                setting the option has no effect on input line 377.


Package hyperref Warning: Option `pagebackref' has already been used,
(hyperref)                setting the option has no effect on input line 377.

) (/usr/local/texlive/2021basic/texmf-dist/tex/latex/base/makeidx.sty)
(/usr/local/texlive/2021basic/texmf-dist/tex/latex/base/inputenc.sty)
Writing index file Rd2.idx
(/usr/local/texlive/2021basic/texmf-dist/tex/latex/psnfss/t1ptm.fd)
(/usr/local/texlive/2021basic/texmf-dist/tex/latex/l3backend/l3backend-pdftex.d
ef)
(/private/var/folders/pt/x80rw07n57q7h9tdwt97nvfh0000gn/T/Rtmpw4dZMl/Rd2pdfa99d
104e5e9c/Rd2.aux)
(/usr/local/texlive/2021basic/texmf-dist/tex/context/base/mkii/supp-pdf.mkii
[Loading MPS to PDF converter (version 2006.09.02).]
) (/usr/local/texlive/2021basic/texmf-dist/tex/latex/hyperref/nameref.sty
(/usr/local/texlive/2021basic/texmf-dist/tex/latex/refcount/refcount.sty)
(/usr/local/texlive/2021basic/texmf-dist/tex/generic/gettitlestring/gettitlestr
ing.sty))
(/private/var/folders/pt/x80rw07n57q7h9tdwt97nvfh0000gn/T/Rtmpw4dZMl/Rd2pdfa99d
104e5e9c/Rd2.out)
(/private/var/folders/pt/x80rw07n57q7h9tdwt97nvfh0000gn/T/Rtmpw4dZMl/Rd2pdfa99d
104e5e9c/Rd2.out)
(/usr/local/texlive/2021basic/texmf-dist/tex/latex/inconsolata/t1zi4.fd)
(/usr/local/texlive/2021basic/texmf-dist/tex/latex/psnfss/t1phv.fd)
(/private/var/folders/pt/x80rw07n57q7h9tdwt97nvfh0000gn/T/Rtmpw4dZMl/Rd2pdfa99d
104e5e9c/Rd2.toc) [1{/usr/local/texlive/2021basic/texmf-var/fonts/map/pdftex/up
dmap/pdftex.map}] [2] [3] [4] [5] [6]
Overfull \hbox (9.06842pt too wide) in paragraph at lines 363--365
[]\T1/zi4/m/n/10 volnmf_logdet \T1/ptm/m/n/10 finds ma-trix \T1/zi4/m/n/10 R \T
1/ptm/m/n/10 that min-i-mizes ob-jec-tive \T1/zi4/m/n/10 ||X-C*R||^2 + w.vol*lo
g(det(R)+delta)\T1/ptm/m/n/10 . 
[7] [8] [9] [10] [11]
Overfull \hbox (3.4567pt too wide) in paragraph at lines 598--599
[]\T1/ptm/m/n/10 A nu-meric. Stop it-er-a-tions if rel-a-tive er-ror be-tween i
t-er-a-tions is less than \T1/zi4/m/n/10 err.cut
[12]
No file Rd2.ind.
[13]
(/private/var/folders/pt/x80rw07n57q7h9tdwt97nvfh0000gn/T/Rtmpw4dZMl/Rd2pdfa99d
104e5e9c/Rd2.aux) )
(see the transcript file for additional information){/usr/local/texlive/2021bas
ic/texmf-dist/fonts/enc/dvips/base/8r.enc}{/usr/local/texlive/2021basic/texmf-d
ist/fonts/enc/dvips/inconsolata/i4-t1-0.enc}</usr/local/texlive/2021basic/texmf
-dist/fonts/type1/public/inconsolata/Inconsolata-zi4r.pfb></usr/local/texlive/2
021basic/texmf-dist/fonts/type1/public/amsfonts/cm/cmmi10.pfb></usr/local/texli
ve/2021basic/texmf-dist/fonts/type1/public/amsfonts/cm/cmr10.pfb></usr/local/te
xlive/2021basic/texmf-dist/fonts/type1/public/amsfonts/cm/cmr7.pfb></usr/local/
texlive/2021basic/texmf-dist/fonts/type1/public/amsfonts/cm/cmsy10.pfb></usr/lo
cal/texlive/2021basic/texmf-dist/fonts/type1/urw/helvetic/uhvr8a.pfb></usr/loca
l/texlive/2021basic/texmf-dist/fonts/type1/urw/times/utmb8a.pfb></usr/local/tex
live/2021basic/texmf-dist/fonts/type1/urw/times/utmr8a.pfb></usr/local/texlive/
2021basic/texmf-dist/fonts/type1/urw/times/utmr8a.pfb></usr/local/texlive/2021b
asic/texmf-dist/fonts/type1/urw/times/utmri8a.pfb>
Output written on Rd2.pdf (13 pages, 133925 bytes).
Transcript written on Rd2.log.
This is makeindex, version 2.15 [TeX Live 2021] (kpathsea + Thai support).
Scanning input file Rd2.idx....done (14 entries accepted, 0 rejected).
Sorting entries....done (58 comparisons).
Generating output file Rd2.ind....done (37 lines written, 0 warnings).
Output written in Rd2.ind.
Transcript written in Rd2.ilg.
This is pdfTeX, Version 3.141592653-2.6-1.40.22 (TeX Live 2021) (preloaded format=pdflatex)
 restricted \write18 enabled.
entering extended mode
LaTeX2e <2020-10-01> patch level 4
L3 programming layer <2021-02-18>
(./Rd2.tex
(/usr/local/texlive/2021basic/texmf-dist/tex/latex/base/book.cls
Document Class: book 2020/04/10 v1.4m Standard LaTeX document class
(/usr/local/texlive/2021basic/texmf-dist/tex/latex/base/bk10.clo))
(/Library/Frameworks/R.framework/Resources/share/texmf/tex/latex/Rd.sty
(/usr/local/texlive/2021basic/texmf-dist/tex/latex/base/ifthen.sty)
(/usr/local/texlive/2021basic/texmf-dist/tex/latex/tools/longtable.sty)
(/usr/local/texlive/2021basic/texmf-dist/tex/latex/tools/bm.sty)
(/usr/local/texlive/2021basic/texmf-dist/tex/latex/base/alltt.sty)
(/usr/local/texlive/2021basic/texmf-dist/tex/latex/tools/verbatim.sty)
(/usr/local/texlive/2021basic/texmf-dist/tex/latex/url/url.sty)
(/usr/local/texlive/2021basic/texmf-dist/tex/latex/base/textcomp.sty)
(/usr/local/texlive/2021basic/texmf-dist/tex/latex/base/fontenc.sty)
(/usr/local/texlive/2021basic/texmf-dist/tex/latex/psnfss/times.sty)
(/usr/local/texlive/2021basic/texmf-dist/tex/latex/inconsolata/zi4.sty
`inconsolata-zi4' v1.12, 2019/05/17 Text macros for Inconsolata (msharpe)
(/usr/local/texlive/2021basic/texmf-dist/tex/latex/xkeyval/xkeyval.sty
(/usr/local/texlive/2021basic/texmf-dist/tex/generic/xkeyval/xkeyval.tex
(/usr/local/texlive/2021basic/texmf-dist/tex/generic/xkeyval/xkvutils.tex
(/usr/local/texlive/2021basic/texmf-dist/tex/generic/xkeyval/keyval.tex)))))
(/usr/local/texlive/2021basic/texmf-dist/tex/latex/graphics/color.sty
(/usr/local/texlive/2021basic/texmf-dist/tex/latex/graphics-cfg/color.cfg)
(/usr/local/texlive/2021basic/texmf-dist/tex/latex/graphics-def/pdftex.def))
(/usr/local/texlive/2021basic/texmf-dist/tex/latex/hyperref/hyperref.sty
(/usr/local/texlive/2021basic/texmf-dist/tex/generic/ltxcmds/ltxcmds.sty)
(/usr/local/texlive/2021basic/texmf-dist/tex/generic/iftex/iftex.sty)
(/usr/local/texlive/2021basic/texmf-dist/tex/generic/pdftexcmds/pdftexcmds.sty
(/usr/local/texlive/2021basic/texmf-dist/tex/generic/infwarerr/infwarerr.sty))
(/usr/local/texlive/2021basic/texmf-dist/tex/generic/kvsetkeys/kvsetkeys.sty)
(/usr/local/texlive/2021basic/texmf-dist/tex/generic/kvdefinekeys/kvdefinekeys.
sty)
(/usr/local/texlive/2021basic/texmf-dist/tex/generic/pdfescape/pdfescape.sty)
(/usr/local/texlive/2021basic/texmf-dist/tex/latex/hycolor/hycolor.sty)
(/usr/local/texlive/2021basic/texmf-dist/tex/latex/letltxmacro/letltxmacro.sty)
 (/usr/local/texlive/2021basic/texmf-dist/tex/latex/auxhook/auxhook.sty)
(/usr/local/texlive/2021basic/texmf-dist/tex/latex/kvoptions/kvoptions.sty)
(/usr/local/texlive/2021basic/texmf-dist/tex/latex/hyperref/pd1enc.def)
(/usr/local/texlive/2021basic/texmf-dist/tex/latex/hyperref/hyperref-langpatche
s.def) (/usr/local/texlive/2021basic/texmf-dist/tex/generic/intcalc/intcalc.sty
) (/usr/local/texlive/2021basic/texmf-dist/tex/generic/etexcmds/etexcmds.sty)
(/usr/local/texlive/2021basic/texmf-dist/tex/latex/hyperref/puenc.def)
(/usr/local/texlive/2021basic/texmf-dist/tex/generic/bitset/bitset.sty
(/usr/local/texlive/2021basic/texmf-dist/tex/generic/bigintcalc/bigintcalc.sty)
) (/usr/local/texlive/2021basic/texmf-dist/tex/latex/base/atbegshi-ltx.sty))
(/usr/local/texlive/2021basic/texmf-dist/tex/latex/hyperref/hpdftex.def
(/usr/local/texlive/2021basic/texmf-dist/tex/latex/base/atveryend-ltx.sty)
(/usr/local/texlive/2021basic/texmf-dist/tex/latex/rerunfilecheck/rerunfilechec
k.sty
(/usr/local/texlive/2021basic/texmf-dist/tex/generic/uniquecounter/uniquecounte
r.sty)))

Package hyperref Warning: Option `hyperindex' has already been used,
(hyperref)                setting the option has no effect on input line 377.


Package hyperref Warning: Option `pagebackref' has already been used,
(hyperref)                setting the option has no effect on input line 377.

) (/usr/local/texlive/2021basic/texmf-dist/tex/latex/base/makeidx.sty)
(/usr/local/texlive/2021basic/texmf-dist/tex/latex/base/inputenc.sty)
Writing index file Rd2.idx
(/usr/local/texlive/2021basic/texmf-dist/tex/latex/psnfss/t1ptm.fd)
(/usr/local/texlive/2021basic/texmf-dist/tex/latex/l3backend/l3backend-pdftex.d
ef)
(/private/var/folders/pt/x80rw07n57q7h9tdwt97nvfh0000gn/T/Rtmpw4dZMl/Rd2pdfa99d
104e5e9c/Rd2.aux)
(/usr/local/texlive/2021basic/texmf-dist/tex/context/base/mkii/supp-pdf.mkii
[Loading MPS to PDF converter (version 2006.09.02).]
) (/usr/local/texlive/2021basic/texmf-dist/tex/latex/hyperref/nameref.sty
(/usr/local/texlive/2021basic/texmf-dist/tex/latex/refcount/refcount.sty)
(/usr/local/texlive/2021basic/texmf-dist/tex/generic/gettitlestring/gettitlestr
ing.sty))
(/private/var/folders/pt/x80rw07n57q7h9tdwt97nvfh0000gn/T/Rtmpw4dZMl/Rd2pdfa99d
104e5e9c/Rd2.out)
(/private/var/folders/pt/x80rw07n57q7h9tdwt97nvfh0000gn/T/Rtmpw4dZMl/Rd2pdfa99d
104e5e9c/Rd2.out)
(/usr/local/texlive/2021basic/texmf-dist/tex/latex/inconsolata/t1zi4.fd)
(/usr/local/texlive/2021basic/texmf-dist/tex/latex/psnfss/t1phv.fd)
(/private/var/folders/pt/x80rw07n57q7h9tdwt97nvfh0000gn/T/Rtmpw4dZMl/Rd2pdfa99d
104e5e9c/Rd2.toc) [1{/usr/local/texlive/2021basic/texmf-var/fonts/map/pdftex/up
dmap/pdftex.map}] [2] [3] [4] [5] [6]
Overfull \hbox (9.06842pt too wide) in paragraph at lines 363--365
[]\T1/zi4/m/n/10 volnmf_logdet \T1/ptm/m/n/10 finds ma-trix \T1/zi4/m/n/10 R \T
1/ptm/m/n/10 that min-i-mizes ob-jec-tive \T1/zi4/m/n/10 ||X-C*R||^2 + w.vol*lo
g(det(R)+delta)\T1/ptm/m/n/10 . 
[7] [8] [9] [10] [11]
Overfull \hbox (3.4567pt too wide) in paragraph at lines 598--599
[]\T1/ptm/m/n/10 A nu-meric. Stop it-er-a-tions if rel-a-tive er-ror be-tween i
t-er-a-tions is less than \T1/zi4/m/n/10 err.cut
[12]
(/private/var/folders/pt/x80rw07n57q7h9tdwt97nvfh0000gn/T/Rtmpw4dZMl/Rd2pdfa99d
104e5e9c/Rd2.ind [13] [14])
(/private/var/folders/pt/x80rw07n57q7h9tdwt97nvfh0000gn/T/Rtmpw4dZMl/Rd2pdfa99d
104e5e9c/Rd2.aux)

Package rerunfilecheck Warning: File `Rd2.out' has changed.
(rerunfilecheck)                Rerun to get outlines right
(rerunfilecheck)                or use package `bookmark'.

 )
(see the transcript file for additional information){/usr/local/texlive/2021bas
ic/texmf-dist/fonts/enc/dvips/base/8r.enc}{/usr/local/texlive/2021basic/texmf-d
ist/fonts/enc/dvips/inconsolata/i4-t1-0.enc}</usr/local/texlive/2021basic/texmf
-dist/fonts/type1/public/inconsolata/Inconsolata-zi4r.pfb></usr/local/texlive/2
021basic/texmf-dist/fonts/type1/public/amsfonts/cm/cmmi10.pfb></usr/local/texli
ve/2021basic/texmf-dist/fonts/type1/public/amsfonts/cm/cmr10.pfb></usr/local/te
xlive/2021basic/texmf-dist/fonts/type1/public/amsfonts/cm/cmr7.pfb></usr/local/
texlive/2021basic/texmf-dist/fonts/type1/public/amsfonts/cm/cmsy10.pfb></usr/lo
cal/texlive/2021basic/texmf-dist/fonts/type1/urw/helvetic/uhvr8a.pfb></usr/loca
l/texlive/2021basic/texmf-dist/fonts/type1/urw/times/utmb8a.pfb></usr/local/tex
live/2021basic/texmf-dist/fonts/type1/urw/times/utmr8a.pfb></usr/local/texlive/
2021basic/texmf-dist/fonts/type1/urw/times/utmr8a.pfb></usr/local/texlive/2021b
asic/texmf-dist/fonts/type1/urw/times/utmri8a.pfb>
Output written on Rd2.pdf (14 pages, 135312 bytes).
Transcript written on Rd2.log.
This is makeindex, version 2.15 [TeX Live 2021] (kpathsea + Thai support).
Scanning input file Rd2.idx....done (14 entries accepted, 0 rejected).
Sorting entries....done (58 comparisons).
Generating output file Rd2.ind....done (37 lines written, 0 warnings).
Output written in Rd2.ind.
Transcript written in Rd2.ilg.
This is pdfTeX, Version 3.141592653-2.6-1.40.22 (TeX Live 2021) (preloaded format=pdflatex)
 restricted \write18 enabled.
entering extended mode
LaTeX2e <2020-10-01> patch level 4
L3 programming layer <2021-02-18>
(./Rd2.tex
(/usr/local/texlive/2021basic/texmf-dist/tex/latex/base/book.cls
Document Class: book 2020/04/10 v1.4m Standard LaTeX document class
(/usr/local/texlive/2021basic/texmf-dist/tex/latex/base/bk10.clo))
(/Library/Frameworks/R.framework/Resources/share/texmf/tex/latex/Rd.sty
(/usr/local/texlive/2021basic/texmf-dist/tex/latex/base/ifthen.sty)
(/usr/local/texlive/2021basic/texmf-dist/tex/latex/tools/longtable.sty)
(/usr/local/texlive/2021basic/texmf-dist/tex/latex/tools/bm.sty)
(/usr/local/texlive/2021basic/texmf-dist/tex/latex/base/alltt.sty)
(/usr/local/texlive/2021basic/texmf-dist/tex/latex/tools/verbatim.sty)
(/usr/local/texlive/2021basic/texmf-dist/tex/latex/url/url.sty)
(/usr/local/texlive/2021basic/texmf-dist/tex/latex/base/textcomp.sty)
(/usr/local/texlive/2021basic/texmf-dist/tex/latex/base/fontenc.sty)
(/usr/local/texlive/2021basic/texmf-dist/tex/latex/psnfss/times.sty)
(/usr/local/texlive/2021basic/texmf-dist/tex/latex/inconsolata/zi4.sty
`inconsolata-zi4' v1.12, 2019/05/17 Text macros for Inconsolata (msharpe)
(/usr/local/texlive/2021basic/texmf-dist/tex/latex/xkeyval/xkeyval.sty
(/usr/local/texlive/2021basic/texmf-dist/tex/generic/xkeyval/xkeyval.tex
(/usr/local/texlive/2021basic/texmf-dist/tex/generic/xkeyval/xkvutils.tex
(/usr/local/texlive/2021basic/texmf-dist/tex/generic/xkeyval/keyval.tex)))))
(/usr/local/texlive/2021basic/texmf-dist/tex/latex/graphics/color.sty
(/usr/local/texlive/2021basic/texmf-dist/tex/latex/graphics-cfg/color.cfg)
(/usr/local/texlive/2021basic/texmf-dist/tex/latex/graphics-def/pdftex.def))
(/usr/local/texlive/2021basic/texmf-dist/tex/latex/hyperref/hyperref.sty
(/usr/local/texlive/2021basic/texmf-dist/tex/generic/ltxcmds/ltxcmds.sty)
(/usr/local/texlive/2021basic/texmf-dist/tex/generic/iftex/iftex.sty)
(/usr/local/texlive/2021basic/texmf-dist/tex/generic/pdftexcmds/pdftexcmds.sty
(/usr/local/texlive/2021basic/texmf-dist/tex/generic/infwarerr/infwarerr.sty))
(/usr/local/texlive/2021basic/texmf-dist/tex/generic/kvsetkeys/kvsetkeys.sty)
(/usr/local/texlive/2021basic/texmf-dist/tex/generic/kvdefinekeys/kvdefinekeys.
sty)
(/usr/local/texlive/2021basic/texmf-dist/tex/generic/pdfescape/pdfescape.sty)
(/usr/local/texlive/2021basic/texmf-dist/tex/latex/hycolor/hycolor.sty)
(/usr/local/texlive/2021basic/texmf-dist/tex/latex/letltxmacro/letltxmacro.sty)
 (/usr/local/texlive/2021basic/texmf-dist/tex/latex/auxhook/auxhook.sty)
(/usr/local/texlive/2021basic/texmf-dist/tex/latex/kvoptions/kvoptions.sty)
(/usr/local/texlive/2021basic/texmf-dist/tex/latex/hyperref/pd1enc.def)
(/usr/local/texlive/2021basic/texmf-dist/tex/latex/hyperref/hyperref-langpatche
s.def) (/usr/local/texlive/2021basic/texmf-dist/tex/generic/intcalc/intcalc.sty
) (/usr/local/texlive/2021basic/texmf-dist/tex/generic/etexcmds/etexcmds.sty)
(/usr/local/texlive/2021basic/texmf-dist/tex/latex/hyperref/puenc.def)
(/usr/local/texlive/2021basic/texmf-dist/tex/generic/bitset/bitset.sty
(/usr/local/texlive/2021basic/texmf-dist/tex/generic/bigintcalc/bigintcalc.sty)
) (/usr/local/texlive/2021basic/texmf-dist/tex/latex/base/atbegshi-ltx.sty))
(/usr/local/texlive/2021basic/texmf-dist/tex/latex/hyperref/hpdftex.def
(/usr/local/texlive/2021basic/texmf-dist/tex/latex/base/atveryend-ltx.sty)
(/usr/local/texlive/2021basic/texmf-dist/tex/latex/rerunfilecheck/rerunfilechec
k.sty
(/usr/local/texlive/2021basic/texmf-dist/tex/generic/uniquecounter/uniquecounte
r.sty)))

Package hyperref Warning: Option `hyperindex' has already been used,
(hyperref)                setting the option has no effect on input line 377.


Package hyperref Warning: Option `pagebackref' has already been used,
(hyperref)                setting the option has no effect on input line 377.

) (/usr/local/texlive/2021basic/texmf-dist/tex/latex/base/makeidx.sty)
(/usr/local/texlive/2021basic/texmf-dist/tex/latex/base/inputenc.sty)
Writing index file Rd2.idx
(/usr/local/texlive/2021basic/texmf-dist/tex/latex/psnfss/t1ptm.fd)
(/usr/local/texlive/2021basic/texmf-dist/tex/latex/l3backend/l3backend-pdftex.d
ef)
(/private/var/folders/pt/x80rw07n57q7h9tdwt97nvfh0000gn/T/Rtmpw4dZMl/Rd2pdfa99d
104e5e9c/Rd2.aux)
(/usr/local/texlive/2021basic/texmf-dist/tex/context/base/mkii/supp-pdf.mkii
[Loading MPS to PDF converter (version 2006.09.02).]
) (/usr/local/texlive/2021basic/texmf-dist/tex/latex/hyperref/nameref.sty
(/usr/local/texlive/2021basic/texmf-dist/tex/latex/refcount/refcount.sty)
(/usr/local/texlive/2021basic/texmf-dist/tex/generic/gettitlestring/gettitlestr
ing.sty))
(/private/var/folders/pt/x80rw07n57q7h9tdwt97nvfh0000gn/T/Rtmpw4dZMl/Rd2pdfa99d
104e5e9c/Rd2.out)
(/private/var/folders/pt/x80rw07n57q7h9tdwt97nvfh0000gn/T/Rtmpw4dZMl/Rd2pdfa99d
104e5e9c/Rd2.out)
(/usr/local/texlive/2021basic/texmf-dist/tex/latex/inconsolata/t1zi4.fd)
(/usr/local/texlive/2021basic/texmf-dist/tex/latex/psnfss/t1phv.fd)
(/private/var/folders/pt/x80rw07n57q7h9tdwt97nvfh0000gn/T/Rtmpw4dZMl/Rd2pdfa99d
104e5e9c/Rd2.toc) [1{/usr/local/texlive/2021basic/texmf-var/fonts/map/pdftex/up
dmap/pdftex.map}] [2] [3] [4] [5] [6]
Overfull \hbox (9.06842pt too wide) in paragraph at lines 363--365
[]\T1/zi4/m/n/10 volnmf_logdet \T1/ptm/m/n/10 finds ma-trix \T1/zi4/m/n/10 R \T
1/ptm/m/n/10 that min-i-mizes ob-jec-tive \T1/zi4/m/n/10 ||X-C*R||^2 + w.vol*lo
g(det(R)+delta)\T1/ptm/m/n/10 . 
[7] [8] [9] [10] [11]
Overfull \hbox (3.4567pt too wide) in paragraph at lines 598--599
[]\T1/ptm/m/n/10 A nu-meric. Stop it-er-a-tions if rel-a-tive er-ror be-tween i
t-er-a-tions is less than \T1/zi4/m/n/10 err.cut
[12]
(/private/var/folders/pt/x80rw07n57q7h9tdwt97nvfh0000gn/T/Rtmpw4dZMl/Rd2pdfa99d
104e5e9c/Rd2.ind [13] [14])
(/private/var/folders/pt/x80rw07n57q7h9tdwt97nvfh0000gn/T/Rtmpw4dZMl/Rd2pdfa99d
104e5e9c/Rd2.aux) )
(see the transcript file for additional information){/usr/local/texlive/2021bas
ic/texmf-dist/fonts/enc/dvips/base/8r.enc}{/usr/local/texlive/2021basic/texmf-d
ist/fonts/enc/dvips/inconsolata/i4-t1-0.enc}</usr/local/texlive/2021basic/texmf
-dist/fonts/type1/public/inconsolata/Inconsolata-zi4r.pfb></usr/local/texlive/2
021basic/texmf-dist/fonts/type1/public/amsfonts/cm/cmmi10.pfb></usr/local/texli
ve/2021basic/texmf-dist/fonts/type1/public/amsfonts/cm/cmr10.pfb></usr/local/te
xlive/2021basic/texmf-dist/fonts/type1/public/amsfonts/cm/cmr7.pfb></usr/local/
texlive/2021basic/texmf-dist/fonts/type1/public/amsfonts/cm/cmsy10.pfb></usr/lo
cal/texlive/2021basic/texmf-dist/fonts/type1/urw/helvetic/uhvr8a.pfb></usr/loca
l/texlive/2021basic/texmf-dist/fonts/type1/urw/times/utmb8a.pfb></usr/local/tex
live/2021basic/texmf-dist/fonts/type1/urw/times/utmr8a.pfb></usr/local/texlive/
2021basic/texmf-dist/fonts/type1/urw/times/utmr8a.pfb></usr/local/texlive/2021b
asic/texmf-dist/fonts/type1/urw/times/utmri8a.pfb>
Output written on Rd2.pdf (14 pages, 136162 bytes).
Transcript written on Rd2.log.
Saving output to ‘vrnmf-manual.pdf’ ...
Done
You may want to clean up by 'rm -Rf /var/folders/pt/x80rw07n57q7h9tdwt97nvfh0000gn/T//Rtmpw4dZMl/Rd2pdfa99d104e5e9c'
